<?xml version="1.0" encoding="UTF-8"?>
<!-- Generated by org.testng.reporters.JUnitXMLReporter -->
<testsuite ignored="0" hostname="PLTD-RDT-VLT113" failures="0" tests="3" name="Test(failed)" time="4.063" errors="0" timestamp="2026-03-09T08:00:36 IST">
  <testcase classname="swiss.InitMobile" name="initMobRequest" time="2.403"/>
  <testcase classname="swiss.CancelInit" name="cancelRequest" time="0.625"/>
  <testcase classname="swiss.GetWorkOrderDetails" name="getWODetails" time="0.7"/>
</testsuite> <!-- Test(failed) -->
