<?xml version="1.0" encoding="UTF-8"?>
<testng-results ignored="0" total="3" passed="3" failed="0" skipped="0">
  <reporter-output>
  </reporter-output>
  <suite started-at="2026-06-18T07:35:45 IST" name="Suite" finished-at="2026-06-18T07:35:48 IST" duration-ms="3430">
    <groups>
    </groups>
    <test started-at="2026-06-18T07:35:45 IST" name="Test" finished-at="2026-06-18T07:35:48 IST" duration-ms="3430">
      <class name="learn.ApiAutomationGet2">
        <test-method signature="get2()[pri:0, instance:learn.ApiAutomationGet2@1ddf84b8]" started-at="2026-06-18T07:35:45 IST" name="get2" finished-at="2026-06-18T07:35:48 IST" duration-ms="3006" status="PASS">
          <reporter-output>
          </reporter-output>
        </test-method> <!-- get2 -->
      </class> <!-- learn.ApiAutomationGet2 -->
      <class name="learn.ApiAutomationGet1">
        <test-method signature="get1()[pri:0, instance:learn.ApiAutomationGet1@1139b2f3]" started-at="2026-06-18T07:35:47 IST" name="get1" finished-at="2026-06-18T07:35:48 IST" duration-ms="953" status="PASS">
          <reporter-output>
          </reporter-output>
        </test-method> <!-- get1 -->
      </class> <!-- learn.ApiAutomationGet1 -->
      <class name="learn.ApiAutomationGet3">
        <test-method signature="get3()[pri:0, instance:learn.ApiAutomationGet3@21de60b4]" started-at="2026-06-18T07:35:45 IST" name="get3" finished-at="2026-06-18T07:35:47 IST" duration-ms="2430" status="PASS">
          <reporter-output>
          </reporter-output>
        </test-method> <!-- get3 -->
      </class> <!-- learn.ApiAutomationGet3 -->
    </test> <!-- Test -->
  </suite> <!-- Suite -->
</testng-results>
