<?xml version="1.0" encoding="UTF-8"?>
<!-- Generated by org.testng.reporters.JUnitXMLReporter -->
<testsuite ignored="0" hostname="PLTD-RDT-VLT113" failures="1" tests="3" name="Test" time="4.284" errors="0" timestamp="2026-03-09T07:58:48 IST">
  <testcase classname="swiss.InitMobile" name="initMobRequest" time="2.471"/>
  <testcase classname="swiss.CancelInit" name="cancelRequest" time="0.762"/>
  <testcase classname="swiss.GetWorkOrderDetails" name="getWODetails" time="0.69">
    <failure type="java.lang.AssertionError" message="1 expectation failed.
JSON path status doesn&amp;apos;t match.
Expected: NEW
  Actual: CANCEL
">
      <![CDATA[java.lang.AssertionError: 1 expectation failed.
JSON path status doesn't match.
Expected: NEW
  Actual: CANCEL

at org.codehaus.groovy.vmplugin.v8.IndyInterface.fromCache(IndyInterface.java:344)
at io.restassured.internal.ResponseSpecificationImpl$HamcrestAssertionClosure.validate(ResponseSpecificationImpl.groovy:516)
at org.codehaus.groovy.vmplugin.v8.IndyInterface.fromCache(IndyInterface.java:344)
at io.restassured.internal.ResponseSpecificationImpl.validateResponseIfRequired(ResponseSpecificationImpl.groovy:714)
at org.codehaus.groovy.vmplugin.v8.IndyInterface.fromCache(IndyInterface.java:344)
at io.restassured.internal.ResponseSpecificationImpl.body(ResponseSpecificationImpl.groovy:274)
at org.codehaus.groovy.vmplugin.v8.IndyInterface.selectMethod(IndyInterface.java:373)
at org.codehaus.groovy.vmplugin.v8.IndyInterface.fromCache(IndyInterface.java:344)
at io.restassured.internal.ResponseSpecificationImpl.body(ResponseSpecificationImpl.groovy:121)
at io.restassured.internal.ValidatableResponseOptionsImpl.body(ValidatableResponseOptionsImpl.java:244)
at swiss.GetWorkOrderDetails.getWODetails(GetWorkOrderDetails.java:34)
at java.base/java.util.ArrayList.forEach(ArrayList.java:1596)
... Removed 25 stack frames]]>
    </failure>
  </testcase> <!-- getWODetails -->
</testsuite> <!-- Test -->
