<?xml version="1.0" encoding="UTF-8"?>
<!-- Generated by org.testng.reporters.JUnitReportReporter -->
<testsuite hostname="PLTD-RDT-VLT113" failures="1" tests="1" name="learn.ApiAutomationValidateHeaders3" time="2.100" errors="0" timestamp="2026-06-03T13:47:49 IST" skipped="0">
  <testcase classname="learn.ApiAutomationValidateHeaders3" name="validate" time="2.100">
    <failure message="1 expectation failed.
Expected header &quot;Connection&quot; was not &quot;keep-slive&quot;, was &quot;keep-alive&quot;. Headers are:
Date=Wed, 03 Jun 2026 08:17:49 GMT
Content-Type=application/json; charset=utf-8
Transfer-Encoding=chunked
Connection=keep-alive
access-control-allow-origin=*
etag=W/&quot;2990-lZ2o94A2EDKiYW3/6/3oI74HHkw&quot;
x-powered-by=Express
cf-cache-status=DYNAMIC
Nel={&quot;report_to&quot;:&quot;cf-nel&quot;,&quot;success_fraction&quot;:0.0,&quot;max_age&quot;:604800}
Report-To={&quot;group&quot;:&quot;cf-nel&quot;,&quot;max_age&quot;:604800,&quot;endpoints&quot;:[{&quot;url&quot;:&quot;https://a.nel.cloudflare.com/report/v4?s=4XR2JP%2FvFPA5Hw9I3b2ya%2BqqtbiNsV1eKuqiOYzBriXjpiKjxfXbzF9Tx7J1kbGSg2XVSWG00Dp13tB5BLJ3nI3UNDfdY%2ByfSJ5GjrBR1%2BmrdsPbpU9am2ICZvqwZFxKws5Y&quot;}]}
Content-Encoding=gzip
Server=cloudflare
CF-RAY=a05d4378b9d28746-SIN
alt-svc=h3=&quot;:443&quot;; ma=86400
" type="java.lang.AssertionError">
      <![CDATA[java.lang.AssertionError: 1 expectation failed.
Expected header "Connection" was not "keep-slive", was "keep-alive". Headers are:
Date=Wed, 03 Jun 2026 08:17:49 GMT
Content-Type=application/json; charset=utf-8
Transfer-Encoding=chunked
Connection=keep-alive
access-control-allow-origin=*
etag=W/"2990-lZ2o94A2EDKiYW3/6/3oI74HHkw"
x-powered-by=Express
cf-cache-status=DYNAMIC
Nel={"report_to":"cf-nel","success_fraction":0.0,"max_age":604800}
Report-To={"group":"cf-nel","max_age":604800,"endpoints":[{"url":"https://a.nel.cloudflare.com/report/v4?s=4XR2JP%2FvFPA5Hw9I3b2ya%2BqqtbiNsV1eKuqiOYzBriXjpiKjxfXbzF9Tx7J1kbGSg2XVSWG00Dp13tB5BLJ3nI3UNDfdY%2ByfSJ5GjrBR1%2BmrdsPbpU9am2ICZvqwZFxKws5Y"}]}
Content-Encoding=gzip
Server=cloudflare
CF-RAY=a05d4378b9d28746-SIN
alt-svc=h3=":443"; ma=86400

at org.codehaus.groovy.vmplugin.v8.IndyInterface.fromCache(IndyInterface.java:344)
at io.restassured.internal.ResponseSpecificationImpl$HamcrestAssertionClosure.validate(ResponseSpecificationImpl.groovy:516)
at org.codehaus.groovy.vmplugin.v8.IndyInterface.fromCache(IndyInterface.java:344)
at io.restassured.internal.ResponseSpecificationImpl.validateResponseIfRequired(ResponseSpecificationImpl.groovy:714)
at org.codehaus.groovy.vmplugin.v8.IndyInterface.fromCache(IndyInterface.java:344)
at io.restassured.internal.ResponseSpecificationImpl.header(ResponseSpecificationImpl.groovy:195)
at org.codehaus.groovy.vmplugin.v8.IndyInterface.fromCache(IndyInterface.java:344)
at io.restassured.internal.ResponseSpecificationImpl.header(ResponseSpecificationImpl.groovy:202)
at io.restassured.internal.ValidatableResponseOptionsImpl.header(ValidatableResponseOptionsImpl.java:124)
at learn.ApiAutomationValidateHeaders3.validate(ApiAutomationValidateHeaders3.java:25)
at java.base/jdk.internal.reflect.DirectMethodHandleAccessor.invoke(DirectMethodHandleAccessor.java:103)
at java.base/java.lang.reflect.Method.invoke(Method.java:580)
at org.testng.internal.invokers.MethodInvocationHelper.invokeMethod(MethodInvocationHelper.java:141)
at org.testng.internal.invokers.TestInvoker.invokeMethod(TestInvoker.java:697)
at org.testng.internal.invokers.TestInvoker.invokeTestMethod(TestInvoker.java:230)
at org.testng.internal.invokers.MethodRunner.runInSequence(MethodRunner.java:63)
at org.testng.internal.invokers.TestInvoker$MethodInvocationAgent.invoke(TestInvoker.java:1005)
at org.testng.internal.invokers.TestInvoker.invokeTestMethods(TestInvoker.java:203)
at org.testng.internal.invokers.TestMethodWorker.invokeTestMethods(TestMethodWorker.java:154)
at org.testng.internal.invokers.TestMethodWorker.run(TestMethodWorker.java:134)
at java.base/java.util.ArrayList.forEach(ArrayList.java:1596)
at org.testng.TestRunner.privateRun(TestRunner.java:744)
at org.testng.TestRunner.run(TestRunner.java:616)
at org.testng.SuiteRunner.runTest(SuiteRunner.java:421)
at org.testng.SuiteRunner.runSequentially(SuiteRunner.java:413)
at org.testng.SuiteRunner.privateRun(SuiteRunner.java:373)
at org.testng.SuiteRunner.run(SuiteRunner.java:312)
at org.testng.SuiteRunnerWorker.runSuite(SuiteRunnerWorker.java:52)
at org.testng.SuiteRunnerWorker.run(SuiteRunnerWorker.java:95)
at org.testng.TestNG.runSuitesSequentially(TestNG.java:1274)
at org.testng.TestNG.runSuitesLocally(TestNG.java:1208)
at org.testng.TestNG.runSuites(TestNG.java:1112)
at org.testng.TestNG.run(TestNG.java:1079)
at org.testng.remote.AbstractRemoteTestNG.run(AbstractRemoteTestNG.java:115)
at org.testng.remote.RemoteTestNG.initAndRun(RemoteTestNG.java:293)
at org.testng.remote.RemoteTestNG.main(RemoteTestNG.java:91)
]]>
    </failure>
  </testcase> <!-- validate -->
</testsuite> <!-- learn.ApiAutomationValidateHeaders3 -->
