<?xml version="1.0" encoding="UTF-8"?>
<!-- Generated by org.testng.reporters.JUnitReportReporter -->
<testsuite hostname="PLTD-RDT-VLT113" failures="0" tests="1" name="serializationAndDeserialization.RestAssuredDeSerialization" time="2.670" errors="0" timestamp="2026-06-10T14:03:39 IST" skipped="0">
  <testcase classname="serializationAndDeserialization.RestAssuredDeSerialization" name="serializationExample" time="2.670"/>
</testsuite> <!-- serializationAndDeserialization.RestAssuredDeSerialization -->
