<?xml version="1.0" encoding="UTF-8"?>
<!-- Generated by org.testng.reporters.JUnitReportReporter -->
<testsuite hostname="PLTD-RDT-VLT113" failures="0" tests="1" name="serializationAndDeserialization.RestAssuredSerialization" time="2.737" errors="0" timestamp="2026-06-10T14:03:19 IST" skipped="0">
  <testcase classname="serializationAndDeserialization.RestAssuredSerialization" name="serializationExample" time="2.737"/>
</testsuite> <!-- serializationAndDeserialization.RestAssuredSerialization -->
